‚ùå Import error: No module named 'backend.certificate_generator'
Traceback (most recent call last):
  File "/workspaces/aws-training-certificate-system/app.py", line 15, in <module>
    from backend.certificate_generator.certificate_generator import CertificateGenerator
ModuleNotFoundError: No module named 'backend.certificate_generator'

During handling of the above exception, another exception occurred:

Traceback (most recent call last):
  File "/workspaces/aws-training-certificate-system/app.py", line 22, in <module>
    from certificate_generator.certificate_generator import CertificateGenerator
ModuleNotFoundError: No module named 'certificate_generator'
