ðŸš€ Deploying AWS Training Certificate System...
WARNING: Ignoring invalid distribution ~andas (/home/vscode/.local/lib/python3.11/site-packages)
WARNING: Ignoring invalid distribution ~andas (/home/vscode/.local/lib/python3.11/site-packages)
WARNING: Ignoring invalid distribution ~andas (/home/vscode/.local/lib/python3.11/site-packages)
cp: cannot stat '../templates': No such file or directory
cp: cannot stat '../static': No such file or directory
cp: cannot stat '../data': No such file or directory
ðŸ“Š Starting with Gunicorn on port 5001...
[2025-11-26 13:20:39 +0000] [10654] [INFO] Starting gunicorn 21.2.0
[2025-11-26 13:20:39 +0000] [10654] [INFO] Listening at: http://0.0.0.0:5001 (10654)
[2025-11-26 13:20:39 +0000] [10654] [INFO] Using worker: sync
[2025-11-26 13:20:39 +0000] [10655] [INFO] Booting worker with pid: 10655
[2025-11-26 13:20:39 +0000] [10656] [INFO] Booting worker with pid: 10656
[2025-11-26 13:20:39 +0000] [10655] [ERROR] Exception in worker process
Traceback (most recent call last):
  File "/home/vscode/.local/lib/python3.11/site-packages/gunicorn/arbiter.py", line 609, in spawn_worker
    worker.init_process()
  File "/home/vscode/.local/lib/python3.11/site-packages/gunicorn/workers/base.py", line 134, in init_process
    self.load_wsgi()
  File "/home/vscode/.local/lib/python3.11/site-packages/gunicorn/workers/base.py", line 146, in load_wsgi
    self.wsgi = self.app.wsgi()
                ^^^^^^^^^^^^^^^
  File "/home/vscode/.local/lib/python3.11/site-packages/gunicorn/app/base.py", line 67, in wsgi
    self.callable = self.load()
                    ^^^^^^^^^^^
  File "/home/vscode/.local/lib/python3.11/site-packages/gunicorn/app/wsgiapp.py", line 58, in load
    return self.load_wsgiapp()
           ^^^^^^^^^^^^^^^^^^^
  File "/home/vscode/.local/lib/python3.11/site-packages/gunicorn/app/wsgiapp.py", line 48, in load_wsgiapp
    return util.import_app(self.app_uri)
           ^^^^^^^^^^^^^^^^^^^^^^^^^^^^^
  File "/home/vscode/.local/lib/python3.11/site-packages/gunicorn/util.py", line 371, in import_app
    mod = importlib.import_module(module)
          ^^^^^^^^^^^^^^^^^^^^^^^^^^^^^^^
  File "/usr/local/lib/python3.11/importlib/__init__.py", line 126, in import_module
    return _bootstrap._gcd_import(name[level:], package, level)
           ^^^^^^^^^^^^^^^^^^^^^^^^^^^^^^^^^^^^^^^^^^^^^^^^^^^^
  File "<frozen importlib._bootstrap>", line 1204, in _gcd_import
  File "<frozen importlib._bootstrap>", line 1176, in _find_and_load
  File "<frozen importlib._bootstrap>", line 1147, in _find_and_load_unlocked
  File "<frozen importlib._bootstrap>", line 690, in _load_unlocked
  File "<frozen importlib._bootstrap_external>", line 940, in exec_module
  File "<frozen importlib._bootstrap>", line 241, in _call_with_frames_removed
  File "/workspaces/aws-training-certificate-system/aws-deployment/aws-deployment-package/app_aws.py", line 24, in <module>
    from app_production import app as application
ModuleNotFoundError: No module named 'app_production'
[2025-11-26 13:20:39 +0000] [10655] [INFO] Worker exiting (pid: 10655)
[2025-11-26 13:20:39 +0000] [10654] [ERROR] Worker (pid:10655) exited with code 3
[2025-11-26 13:20:39 +0000] [10656] [ERROR] Exception in worker process
Traceback (most recent call last):
  File "/home/vscode/.local/lib/python3.11/site-packages/gunicorn/arbiter.py", line 609, in spawn_worker
    worker.init_process()
  File "/home/vscode/.local/lib/python3.11/site-packages/gunicorn/workers/base.py", line 134, in init_process
    self.load_wsgi()
  File "/home/vscode/.local/lib/python3.11/site-packages/gunicorn/workers/base.py", line 146, in load_wsgi
    self.wsgi = self.app.wsgi()
                ^^^^^^^^^^^^^^^
  File "/home/vscode/.local/lib/python3.11/site-packages/gunicorn/app/base.py", line 67, in wsgi
    self.callable = self.load()
                    ^^^^^^^^^^^
  File "/home/vscode/.local/lib/python3.11/site-packages/gunicorn/app/wsgiapp.py", line 58, in load
    return self.load_wsgiapp()
           ^^^^^^^^^^^^^^^^^^^
  File "/home/vscode/.local/lib/python3.11/site-packages/gunicorn/app/wsgiapp.py", line 48, in load_wsgiapp
    return util.import_app(self.app_uri)
           ^^^^^^^^^^^^^^^^^^^^^^^^^^^^^
  File "/home/vscode/.local/lib/python3.11/site-packages/gunicorn/util.py", line 371, in import_app
    mod = importlib.import_module(module)
          ^^^^^^^^^^^^^^^^^^^^^^^^^^^^^^^
  File "/usr/local/lib/python3.11/importlib/__init__.py", line 126, in import_module
    return _bootstrap._gcd_import(name[level:], package, level)
           ^^^^^^^^^^^^^^^^^^^^^^^^^^^^^^^^^^^^^^^^^^^^^^^^^^^^
  File "<frozen importlib._bootstrap>", line 1204, in _gcd_import
  File "<frozen importlib._bootstrap>", line 1176, in _find_and_load
  File "<frozen importlib._bootstrap>", line 1147, in _find_and_load_unlocked
  File "<frozen importlib._bootstrap>", line 690, in _load_unlocked
  File "<frozen importlib._bootstrap_external>", line 940, in exec_module
  File "<frozen importlib._bootstrap>", line 241, in _call_with_frames_removed
  File "/workspaces/aws-training-certificate-system/aws-deployment/aws-deployment-package/app_aws.py", line 24, in <module>
    from app_production import app as application
ModuleNotFoundError: No module named 'app_production'
[2025-11-26 13:20:39 +0000] [10656] [INFO] Worker exiting (pid: 10656)
[2025-11-26 13:20:39 +0000] [10654] [ERROR] Worker (pid:10656) exited with code 3
Traceback (most recent call last):
  File "/home/vscode/.local/lib/python3.11/site-packages/gunicorn/arbiter.py", line 209, in run
    self.sleep()
  File "/home/vscode/.local/lib/python3.11/site-packages/gunicorn/arbiter.py", line 360, in sleep
    ready = select.select([self.PIPE[0]], [], [], 1.0)
            ^^^^^^^^^^^^^^^^^^^^^^^^^^^^^^^^^^^^^^^^^^
  File "/home/vscode/.local/lib/python3.11/site-packages/gunicorn/arbiter.py", line 242, in handle_chld
    self.reap_workers()
  File "/home/vscode/.local/lib/python3.11/site-packages/gunicorn/arbiter.py", line 530, in reap_workers
    raise HaltServer(reason, self.WORKER_BOOT_ERROR)
gunicorn.errors.HaltServer: <HaltServer 'Worker failed to boot.' 3>

During handling of the above exception, another exception occurred:

Traceback (most recent call last):
  File "/home/vscode/.local/bin/gunicorn", line 7, in <module>
    sys.exit(run())
             ^^^^^
  File "/home/vscode/.local/lib/python3.11/site-packages/gunicorn/app/wsgiapp.py", line 67, in run
    WSGIApplication("%(prog)s [OPTIONS] [APP_MODULE]").run()
  File "/home/vscode/.local/lib/python3.11/site-packages/gunicorn/app/base.py", line 236, in run
    super().run()
  File "/home/vscode/.local/lib/python3.11/site-packages/gunicorn/app/base.py", line 72, in run
    Arbiter(self).run()
  File "/home/vscode/.local/lib/python3.11/site-packages/gunicorn/arbiter.py", line 229, in run
    self.halt(reason=inst.reason, exit_status=inst.exit_status)
  File "/home/vscode/.local/lib/python3.11/site-packages/gunicorn/arbiter.py", line 342, in halt
    self.stop()
  File "/home/vscode/.local/lib/python3.11/site-packages/gunicorn/arbiter.py", line 396, in stop
    time.sleep(0.1)
  File "/home/vscode/.local/lib/python3.11/site-packages/gunicorn/arbiter.py", line 242, in handle_chld
    self.reap_workers()
  File "/home/vscode/.local/lib/python3.11/site-packages/gunicorn/arbiter.py", line 530, in reap_workers
    raise HaltServer(reason, self.WORKER_BOOT_ERROR)
gunicorn.errors.HaltServer: <HaltServer 'Worker failed to boot.' 3>
